<?xml version="1.0" encoding="UTF-8"?>
<!-- Generated by org.testng.reporters.JUnitXMLReporter -->
<testsuite ignored="0" hostname="HP-ENVY" failures="1" tests="10" name="BlazeDemo_UI_Tests" time="42.932" errors="0" timestamp="2025-09-25T08:58:44 IST">
  <testcase classname="org.automation.ui.BlazeDemoTests" name="testHomePageTitle" time="2.932"/>
  <testcase classname="org.automation.ui.BlazeDemoTests" name="testNavigateToHomePage" time="3.536"/>
  <testcase classname="org.automation.ui.BlazeDemoTests" name="testFlightSelectionPage" time="3.452"/>
  <testcase classname="org.automation.ui.BlazeDemoTests" name="testHomePageContainsDepartureAndDestination" time="1.728"/>
  <testcase classname="org.automation.ui.BlazeDemoTests" name="testConfirmationPage" time="1.57">
    <failure type="java.lang.AssertionError" message="expected [true] but found [false]">
      <![CDATA[java.lang.AssertionError: expected [true] but found [false]
at org.automation.ui.BlazeDemoTests.testConfirmationPage(BlazeDemoTests.java:91)
at java.base/java.util.concurrent.Executors$RunnableAdapter.call(Executors.java:572)
at java.base/java.util.concurrent.FutureTask.run(FutureTask.java:317)
at java.base/java.util.concurrent.ThreadPoolExecutor.runWorker(ThreadPoolExecutor.java:1144)
at java.base/java.util.concurrent.ThreadPoolExecutor$Worker.run(ThreadPoolExecutor.java:642)
at java.base/java.lang.Thread.run(Thread.java:1575)
... Removed 15 stack frames]]>
    </failure>
  </testcase> <!-- testConfirmationPage -->
  <testcase classname="org.automation.ui.BlazeDemoTests" name="testFlightSearchNavigation" time="2.373"/>
  <testcase classname="org.automation.ui.BlazeDemoTests" name="testPurchaseFlight" time="7.939"/>
  <testcase classname="org.automation.ui.BlazeDemoTests" name="testFillPurchaseForm" time="4.986"/>
  <testcase classname="org.automation.ui.BlazeDemoTests" name="testPurchasePageContainsForm" time="8.021"/>
  <testcase classname="org.automation.ui.BlazeDemoTests" name="testSelectFirstFlight" time="8.9"/>
</testsuite> <!-- BlazeDemo_UI_Tests -->
