<?xml version="1.0" encoding="UTF-8"?>
<!-- Generated by org.testng.reporters.JUnitXMLReporter -->
<testsuite ignored="0" hostname="HP-ENVY" failures="0" tests="10" name="JsonPlaceholder_API_Tests" time="6.139" errors="0" timestamp="2025-09-25T08:58:07 IST">
  <testcase classname="org.automation.api.JsonPlaceholderTests" name="testDeletePost" time="3.61"/>
  <testcase classname="org.automation.api.JsonPlaceholderTests" name="testCreatePost" time="4.426"/>
  <testcase classname="org.automation.api.JsonPlaceholderTests" name="testPatchPost" time="4.424"/>
  <testcase classname="org.automation.api.JsonPlaceholderTests" name="testGetCommentsForPost" time="4.425"/>
  <testcase classname="org.automation.api.JsonPlaceholderTests" name="testCreateComment" time="4.425"/>
  <testcase classname="org.automation.api.JsonPlaceholderTests" name="testUpdatePost" time="4.425"/>
  <testcase classname="org.automation.api.JsonPlaceholderTests" name="testGetSinglePost" time="4.424"/>
  <testcase classname="org.automation.api.JsonPlaceholderTests" name="testGetSingleUser" time="4.424"/>
  <testcase classname="org.automation.api.JsonPlaceholderTests" name="testGetAllPosts" time="4.465"/>
  <testcase classname="org.automation.api.JsonPlaceholderTests" name="testGetAllUsers" time="4.985"/>
</testsuite> <!-- JsonPlaceholder_API_Tests -->
